This is pdfTeX, Version 3.14159265-2.6-1.40.16 (TeX Live 2015/Debian) (preloaded format=pdflatex 2017.3.1)  25 JUN 2017 11:02
entering extended mode
 restricted \write18 enabled.
 %&-line parsing enabled.
**/home/zzq/learngit/latex/CTEX/TEX/main
(/home/zzq/learngit/latex/CTEX/TEX/main.tex
LaTeX2e <2016/02/01>
Babel <3.9q> and hyphenation patterns for 81 language(s) loaded.
(/usr/share/texlive/texmf-dist/tex/latex/base/article.cls
Document Class: article 2014/09/29 v1.4h Standard LaTeX document class
(/usr/share/texlive/texmf-dist/tex/latex/base/size10.clo
File: size10.clo 2014/09/29 v1.4h Standard LaTeX file (size option)
)
\c@part=\count79
\c@section=\count80
\c@subsection=\count81
\c@subsubsection=\count82
\c@paragraph=\count83
\c@subparagraph=\count84
\c@figure=\count85
\c@table=\count86
\abovecaptionskip=\skip41
\belowcaptionskip=\skip42
\bibindent=\dimen102
) (/home/zzq/texmf/tex/latex/ctex/ctex.sty
Package: ctex 2010/01/22 v0.97 ctex macros package
(/home/zzq/texmf/tex/latex/ctex/opt/ctex-common-opts.def) (/usr/share/texlive/t
exmf-dist/tex/latex/ctex/config/ctexopts.cfg
! Undefined control sequence.
l.29 \GetIdInfo
               $Id: ctex.dtx 4e02493 2016-02-02 17:10:17 +0800 Qing Lee <sob...
 
Here is how much of TeX's memory you used:
 274 strings out of 493029
 3483 string characters out of 6136235
 53067 words of memory out of 5000000
 3888 multiletter control sequences out of 15000+600000
 3640 words of font info for 14 fonts, out of 8000000 for 9000
 1141 hyphenation exceptions out of 8191
 23i,0n,17p,199b,36s stack positions out of 5000i,500n,10000p,200000b,80000s
!  ==> Fatal error occurred, no output PDF file produced!
